<?xml version="1.0" encoding="UTF-8"?>
<!-- Generated by org.testng.reporters.JUnitReportReporter -->
<testsuite hostname="DESKTOP-50POJSR" failures="0" tests="1" name="com.testyantra.contacttest.CreateContactTest" time="78.807" errors="0" timestamp="01 Dec 2024 15:07:24 GMT" skipped="0">
  <testcase classname="com.testyantra.contacttest.CreateContactTest" name="createContactTest" time="78.807"/>
</testsuite> <!-- com.testyantra.contacttest.CreateContactTest -->
